<?xml version="1.0" encoding="UTF-8"?>
<!-- Generated by org.testng.reporters.JUnitReportReporter -->
<testsuite skipped="0" hostname="DESKTOP-G2J1RLB" name="com.testCase.AxisBank" tests="1" failures="0" timestamp="2020-10-10T21:28:31 IST" time="47.480" errors="0">
  <testcase name="test" time="47.480" classname="com.testCase.AxisBank"/>
</testsuite> <!-- com.testCase.AxisBank -->
